[train] random_hindi_b layer 3 | 25,000,000 tokens | d_model=512 | scale=0.9242 | device=cuda
  step     0/6000  recon=0.8536  aux=0.0000  dead~0%  (theta warming)
  step   250/6000  recon=0.4706  aux=0.0000  dead~0%  (theta warming)
  step   500/6000  recon=0.1771  aux=0.0000  dead~0%
  step   750/6000  recon=0.1090  aux=0.0000  dead~0%
  step  1000/6000  recon=0.0834  aux=0.0000  dead~0%
  step  1250/6000  recon=0.0705  aux=0.0000  dead~0%
  step  1500/6000  recon=0.0645  aux=0.0000  dead~0%
  step  1750/6000  recon=0.0607  aux=0.0000  dead~0%
  step  2000/6000  recon=0.0587  aux=0.0000  dead~0%
  step  2250/6000  recon=0.0570  aux=0.0000  dead~0%
  step  2500/6000  recon=0.0554  aux=0.0012  dead~0%
  step  2750/6000  recon=0.0547  aux=0.0011  dead~2%
  step  3000/6000  recon=0.0534  aux=0.0010  dead~5%
  step  3250/6000  recon=0.0526  aux=0.0010  dead~8%
  step  3500/6000  recon=0.0519  aux=0.0010  dead~11%
  step  3750/6000  recon=0.0515  aux=0.0010  dead~14%
  step  4000/6000  recon=0.0519  aux=0.0009  dead~17%
  step  4250/6000  recon=0.0510  aux=0.0009  dead~19%
  step  4500/6000  recon=0.0508  aux=0.0009  dead~20%
  step  4750/6000  recon=0.0503  aux=0.0009  dead~20%
  step  5000/6000  recon=0.0496  aux=0.0008  dead~20%
  step  5250/6000  recon=0.0495  aux=0.0008  dead~21%
  step  5500/6000  recon=0.0495  aux=0.0008  dead~21%
  step  5750/6000  recon=0.0497  aux=0.0008  dead~21%
  step  5999/6000  recon=0.0492  aux=0.0007  dead~21%

====================================================
GATE-1 HEALTH (1,000,000 tokens):
  variance explained :  99.9%   (target >= 85%)
  L0 (active/token)  :  31.9     (target ~= 32)
  dead features      :  72.6%   (target < 10%)
  VERDICT: FAIL -- see notes in PAPER_PLAN
====================================================
[train] saved -> /workspace/outputs/random_hindi_b_layer3_batchtopk.pt
