[train] random_marathi layer 3 | 25,000,000 tokens | d_model=512 | scale=0.9243 | device=cuda
  step     0/6000  recon=0.8548  aux=0.0000  dead~0%  (theta warming)
  step   250/6000  recon=0.4688  aux=0.0000  dead~0%  (theta warming)
  step   500/6000  recon=0.1769  aux=0.0000  dead~0%
  step   750/6000  recon=0.1091  aux=0.0000  dead~0%
  step  1000/6000  recon=0.0832  aux=0.0000  dead~0%
  step  1250/6000  recon=0.0708  aux=0.0000  dead~0%
  step  1500/6000  recon=0.0649  aux=0.0000  dead~0%
  step  1750/6000  recon=0.0615  aux=0.0000  dead~0%
  step  2000/6000  recon=0.0591  aux=0.0000  dead~0%
  step  2250/6000  recon=0.0574  aux=0.0000  dead~0%
  step  2500/6000  recon=0.0561  aux=0.0012  dead~0%
  step  2750/6000  recon=0.0546  aux=0.0011  dead~1%
  step  3000/6000  recon=0.0541  aux=0.0011  dead~4%
  step  3250/6000  recon=0.0537  aux=0.0010  dead~6%
  step  3500/6000  recon=0.0528  aux=0.0010  dead~8%
  step  3750/6000  recon=0.0521  aux=0.0010  dead~9%
  step  4000/6000  recon=0.0515  aux=0.0009  dead~11%
  step  4250/6000  recon=0.0518  aux=0.0009  dead~12%
  step  4500/6000  recon=0.0514  aux=0.0009  dead~12%
  step  4750/6000  recon=0.0505  aux=0.0009  dead~12%
  step  5000/6000  recon=0.0499  aux=0.0009  dead~12%
  step  5250/6000  recon=0.0498  aux=0.0008  dead~13%
  step  5500/6000  recon=0.0498  aux=0.0008  dead~13%
  step  5750/6000  recon=0.0499  aux=0.0008  dead~13%
  step  5999/6000  recon=0.0498  aux=0.0007  dead~13%

====================================================
GATE-1 HEALTH (1,000,000 tokens):
  variance explained :  99.9%   (target >= 85%)
  L0 (active/token)  :  31.9     (target ~= 32)
  dead features      :  73.4%   (target < 10%)
  VERDICT: FAIL -- see notes in PAPER_PLAN
====================================================
[train] saved -> /workspace/outputs/random_marathi_layer3_batchtopk.pt
