[train] hindi_54M layer 3 | 25,000,000 tokens | d_model=512 | scale=0.5270 | device=cuda
  step     0/6000  recon=0.5822  aux=0.0000  dead~0%  (theta warming)
  step   250/6000  recon=0.4634  aux=0.0000  dead~0%  (theta warming)
  step   500/6000  recon=0.3008  aux=0.0000  dead~0%
  step   750/6000  recon=0.2476  aux=0.0000  dead~0%
  step  1000/6000  recon=0.2320  aux=0.0000  dead~0%
  step  1250/6000  recon=0.2248  aux=0.0000  dead~0%
  step  1500/6000  recon=0.2146  aux=0.0000  dead~0%
  step  1750/6000  recon=0.2122  aux=0.0000  dead~0%
  step  2000/6000  recon=0.2086  aux=0.0000  dead~0%
  step  2250/6000  recon=0.2043  aux=0.0000  dead~0%
  step  2500/6000  recon=0.2020  aux=0.0000  dead~0%
  step  2750/6000  recon=0.2015  aux=0.0000  dead~0%
  step  3000/6000  recon=0.2003  aux=0.0000  dead~0%
  step  3250/6000  recon=0.1961  aux=0.0000  dead~0%
  step  3500/6000  recon=0.1940  aux=0.0000  dead~0%
  step  3750/6000  recon=0.1963  aux=0.0000  dead~0%
  step  4000/6000  recon=0.1955  aux=0.0000  dead~0%
  step  4250/6000  recon=0.1944  aux=0.0000  dead~0%
  step  4500/6000  recon=0.1918  aux=0.0000  dead~0%
  step  4750/6000  recon=0.1934  aux=0.0000  dead~0%
  step  5000/6000  recon=0.1917  aux=0.0000  dead~0%
  step  5250/6000  recon=0.1919  aux=0.0000  dead~0%
  step  5500/6000  recon=0.1939  aux=0.0000  dead~0%
  step  5750/6000  recon=0.1926  aux=0.0000  dead~0%
  step  5999/6000  recon=0.1912  aux=0.0000  dead~0%

====================================================
GATE-1 HEALTH (1,000,000 tokens):
  variance explained :  80.2%   (target >= 85%)
  L0 (active/token)  :  32.0     (target ~= 32)
  dead features      :   0.0%   (target < 10%)
  VERDICT: FAIL -- see notes in PAPER_PLAN
====================================================
[train] saved -> /workspace/outputs/hindi_54M_layer3_batchtopk_seed1.pt
