[train] bengali_54M layer 3 | 25,000,000 tokens | d_model=512 | scale=1.4285 | device=cuda
  step     0/6000  recon=0.7456  aux=0.0000  dead~0%  (theta warming)
  step   250/6000  recon=0.5957  aux=0.0000  dead~0%  (theta warming)
  step   500/6000  recon=0.4046  aux=0.0000  dead~0%
  step   750/6000  recon=0.3455  aux=0.0000  dead~0%
  step  1000/6000  recon=0.3237  aux=0.0000  dead~0%
  step  1250/6000  recon=0.3082  aux=0.0000  dead~0%
  step  1500/6000  recon=0.3007  aux=0.0000  dead~0%
  step  1750/6000  recon=0.2953  aux=0.0000  dead~0%
  step  2000/6000  recon=0.2864  aux=0.0000  dead~0%
  step  2250/6000  recon=0.2835  aux=0.0000  dead~0%
  step  2500/6000  recon=0.2813  aux=0.0000  dead~0%
  step  2750/6000  recon=0.2838  aux=0.0000  dead~0%
  step  3000/6000  recon=0.2792  aux=0.0000  dead~0%
  step  3250/6000  recon=0.2770  aux=0.0000  dead~0%
  step  3500/6000  recon=0.2798  aux=0.0000  dead~0%
  step  3750/6000  recon=0.2750  aux=0.0000  dead~0%
  step  4000/6000  recon=0.2725  aux=0.0000  dead~0%
  step  4250/6000  recon=0.2711  aux=0.0000  dead~0%
  step  4500/6000  recon=0.2723  aux=0.0000  dead~0%
  step  4750/6000  recon=0.2727  aux=0.0000  dead~0%
  step  5000/6000  recon=0.2735  aux=0.0000  dead~0%
  step  5250/6000  recon=0.2710  aux=0.0000  dead~0%
  step  5500/6000  recon=0.2707  aux=0.0000  dead~0%
  step  5750/6000  recon=0.2662  aux=0.0000  dead~0%
  step  5999/6000  recon=0.2698  aux=0.0000  dead~0%

====================================================
GATE-1 HEALTH (1,000,000 tokens):
  variance explained :  78.1%   (target >= 85%)
  L0 (active/token)  :  32.0     (target ~= 32)
  dead features      :   0.0%   (target < 10%)
  VERDICT: FAIL -- see notes in PAPER_PLAN
====================================================
[train] saved -> /workspace/outputs/bengali_54M_layer3_batchtopk.pt
