[train] random_hindi layer 3 | 25,000,000 tokens | d_model=512 | scale=0.9261 | device=cuda
  step     0/6000  recon=0.8596  aux=0.0000  dead~0%  (theta warming)
  step   250/6000  recon=0.4740  aux=0.0000  dead~0%  (theta warming)
  step   500/6000  recon=0.1780  aux=0.0000  dead~0%
  step   750/6000  recon=0.1091  aux=0.0000  dead~0%
  step  1000/6000  recon=0.0840  aux=0.0000  dead~0%
  step  1250/6000  recon=0.0717  aux=0.0000  dead~0%
  step  1500/6000  recon=0.0651  aux=0.0000  dead~0%
  step  1750/6000  recon=0.0617  aux=0.0000  dead~0%
  step  2000/6000  recon=0.0593  aux=0.0000  dead~0%
  step  2250/6000  recon=0.0574  aux=0.0000  dead~0%
  step  2500/6000  recon=0.0565  aux=0.0012  dead~0%
  step  2750/6000  recon=0.0548  aux=0.0011  dead~1%
  step  3000/6000  recon=0.0544  aux=0.0010  dead~3%
  step  3250/6000  recon=0.0535  aux=0.0010  dead~5%
  step  3500/6000  recon=0.0526  aux=0.0010  dead~6%
  step  3750/6000  recon=0.0526  aux=0.0009  dead~7%
  step  4000/6000  recon=0.0523  aux=0.0009  dead~8%
  step  4250/6000  recon=0.0514  aux=0.0009  dead~9%
  step  4500/6000  recon=0.0507  aux=0.0009  dead~9%
  step  4750/6000  recon=0.0507  aux=0.0009  dead~9%
  step  5000/6000  recon=0.0504  aux=0.0008  dead~9%
  step  5250/6000  recon=0.0501  aux=0.0008  dead~10%
  step  5500/6000  recon=0.0499  aux=0.0008  dead~10%
  step  5750/6000  recon=0.0501  aux=0.0008  dead~10%
  step  5999/6000  recon=0.0499  aux=0.0008  dead~10%

====================================================
GATE-1 HEALTH (1,000,000 tokens):
  variance explained :  99.9%   (target >= 85%)
  L0 (active/token)  :  31.9     (target ~= 32)
  dead features      :  72.6%   (target < 10%)
  VERDICT: FAIL -- see notes in PAPER_PLAN
====================================================
[train] saved -> /workspace/outputs/random_hindi_layer3_batchtopk.pt
